<?xml version="1.0" encoding="UTF-8"?>
<!-- Generated by org.testng.reporters.JUnitReportReporter -->
<testsuite skipped="0" hostname="PDCDT01GY4ZVQ1" name="com.TestPages.CreateWishList" tests="5" failures="0" timestamp="2020-02-07T11:22:01 GMT" time="62.223" errors="0">
  <testcase name="FourthTest" time="21.500" classname="com.TestPages.CreateWishList"/>
  <system-out/>
  <testcase name="FifthTest" time="19.571" classname="com.TestPages.CreateWishList"/>
  <system-out/>
  <testcase name="SecondTest" time="2.432" classname="com.TestPages.CreateWishList"/>
  <system-out/>
  <testcase name="ThirdTest" time="4.379" classname="com.TestPages.CreateWishList"/>
  <system-out/>
  <testcase name="FirstTest" time="14.341" classname="com.TestPages.CreateWishList"/>
  <system-out/>
</testsuite> <!-- com.TestPages.CreateWishList -->
